E, [2018-03-07T09:24:39.012331 #21014] ERROR -- Kitchen: ------Exception-------
E, [2018-03-07T09:24:39.012405 #21014] ERROR -- Kitchen: Class: Kitchen::UserError
E, [2018-03-07T09:24:39.012429 #21014] ERROR -- Kitchen: Message: Kitchen YAML file /home/user/chef-repo/.kitchen.yml does not exist.
E, [2018-03-07T09:24:39.012443 #21014] ERROR -- Kitchen: ----------------------
E, [2018-03-07T09:24:39.012455 #21014] ERROR -- Kitchen: ------Backtrace-------
E, [2018-03-07T09:24:39.012467 #21014] ERROR -- Kitchen: /opt/chefdk/embedded/lib/ruby/gems/2.4.0/gems/test-kitchen-1.19.2/lib/kitchen/loader/yaml.rb:65:in `read'
E, [2018-03-07T09:24:39.012481 #21014] ERROR -- Kitchen: /opt/chefdk/embedded/lib/ruby/gems/2.4.0/gems/test-kitchen-1.19.2/lib/kitchen/config.rb:152:in `data'
E, [2018-03-07T09:24:39.012506 #21014] ERROR -- Kitchen: /opt/chefdk/embedded/lib/ruby/gems/2.4.0/gems/test-kitchen-1.19.2/lib/kitchen/config.rb:131:in `suites'
E, [2018-03-07T09:24:39.012537 #21014] ERROR -- Kitchen: /opt/chefdk/embedded/lib/ruby/gems/2.4.0/gems/test-kitchen-1.19.2/lib/kitchen/config.rb:182:in `filter_instances'
E, [2018-03-07T09:24:39.012551 #21014] ERROR -- Kitchen: /opt/chefdk/embedded/lib/ruby/gems/2.4.0/gems/test-kitchen-1.19.2/lib/kitchen/config.rb:141:in `build_instances'
E, [2018-03-07T09:24:39.012563 #21014] ERROR -- Kitchen: /opt/chefdk/embedded/lib/ruby/gems/2.4.0/gems/test-kitchen-1.19.2/lib/kitchen/config.rb:117:in `instances'
E, [2018-03-07T09:24:39.012574 #21014] ERROR -- Kitchen: /opt/chefdk/embedded/lib/ruby/gems/2.4.0/gems/test-kitchen-1.19.2/lib/kitchen/command.rb:112:in `filtered_instances'
E, [2018-03-07T09:24:39.012585 #21014] ERROR -- Kitchen: /opt/chefdk/embedded/lib/ruby/gems/2.4.0/gems/test-kitchen-1.19.2/lib/kitchen/command.rb:142:in `parse_subcommand'
E, [2018-03-07T09:24:39.012596 #21014] ERROR -- Kitchen: /opt/chefdk/embedded/lib/ruby/gems/2.4.0/gems/test-kitchen-1.19.2/lib/kitchen/command/list.rb:30:in `call'
E, [2018-03-07T09:24:39.012607 #21014] ERROR -- Kitchen: /opt/chefdk/embedded/lib/ruby/gems/2.4.0/gems/test-kitchen-1.19.2/lib/kitchen/cli.rb:52:in `perform'
E, [2018-03-07T09:24:39.012631 #21014] ERROR -- Kitchen: /opt/chefdk/embedded/lib/ruby/gems/2.4.0/gems/test-kitchen-1.19.2/lib/kitchen/cli.rb:120:in `list'
E, [2018-03-07T09:24:39.012641 #21014] ERROR -- Kitchen: /opt/chefdk/embedded/lib/ruby/gems/2.4.0/gems/thor-0.19.1/lib/thor/command.rb:27:in `run'
E, [2018-03-07T09:24:39.012652 #21014] ERROR -- Kitchen: /opt/chefdk/embedded/lib/ruby/gems/2.4.0/gems/thor-0.19.1/lib/thor/invocation.rb:126:in `invoke_command'
E, [2018-03-07T09:24:39.012662 #21014] ERROR -- Kitchen: /opt/chefdk/embedded/lib/ruby/gems/2.4.0/gems/thor-0.19.1/lib/thor.rb:359:in `dispatch'
E, [2018-03-07T09:24:39.012672 #21014] ERROR -- Kitchen: /opt/chefdk/embedded/lib/ruby/gems/2.4.0/gems/thor-0.19.1/lib/thor/base.rb:440:in `start'
E, [2018-03-07T09:24:39.012683 #21014] ERROR -- Kitchen: /opt/chefdk/embedded/lib/ruby/gems/2.4.0/gems/test-kitchen-1.19.2/bin/kitchen:13:in `block in <top (required)>'
E, [2018-03-07T09:24:39.012693 #21014] ERROR -- Kitchen: /opt/chefdk/embedded/lib/ruby/gems/2.4.0/gems/test-kitchen-1.19.2/lib/kitchen/errors.rb:171:in `with_friendly_errors'
E, [2018-03-07T09:24:39.012703 #21014] ERROR -- Kitchen: /opt/chefdk/embedded/lib/ruby/gems/2.4.0/gems/test-kitchen-1.19.2/bin/kitchen:13:in `<top (required)>'
E, [2018-03-07T09:24:39.012713 #21014] ERROR -- Kitchen: /opt/chefdk/bin/kitchen:255:in `load'
E, [2018-03-07T09:24:39.012723 #21014] ERROR -- Kitchen: /opt/chefdk/bin/kitchen:255:in `<main>'
E, [2018-03-07T09:24:39.012738 #21014] ERROR -- Kitchen: ----End Backtrace-----
